[INFO ] 2024-11-08 18:30:32.229 [main] StepDef - Setup1 executed...
[INFO ] 2024-11-08 18:30:32.273 [main] StepDef - Chrome browser launched...
[INFO ] 2024-11-08 18:30:37.050 [main] StepDef - url opened...
[INFO ] 2024-11-08 18:30:37.244 [main] StepDef - Clicked on login button...
[INFO ] 2024-11-08 18:30:47.342 [main] StepDef - Browser closed
[INFO ] 2024-11-08 19:06:46.443 [main] StepDef - Setup1 executed...
[INFO ] 2024-11-08 19:06:46.481 [main] StepDef - Chrome browser launched...
[INFO ] 2024-11-08 19:06:50.187 [main] StepDef - url opened...
[INFO ] 2024-11-08 19:06:50.376 [main] StepDef - Clicked on login button...
[INFO ] 2024-11-08 19:06:52.714 [main] StepDef - Entered Email Id...
[INFO ] 2024-11-08 19:06:52.893 [main] StepDef - Clicked on First next Button...
[INFO ] 2024-11-08 19:06:55.033 [main] StepDef - Entered Password...
[INFO ] 2024-11-08 19:06:55.137 [main] StepDef - Clicked on Second next Button...
[INFO ] 2024-11-08 19:17:46.767 [main] StepDef - Setup1 executed...
[INFO ] 2024-11-08 19:17:46.810 [main] StepDef - Chrome browser launched...
[INFO ] 2024-11-08 19:17:50.925 [main] StepDef - url opened...
[INFO ] 2024-11-08 19:17:51.112 [main] StepDef - Clicked on login button...
[INFO ] 2024-11-08 19:17:53.396 [main] StepDef - Entered Email Id...
[INFO ] 2024-11-08 19:17:53.574 [main] StepDef - Clicked on First next Button...
[INFO ] 2024-11-08 19:17:55.818 [main] StepDef - Entered Password...
[INFO ] 2024-11-08 19:17:55.935 [main] StepDef - Clicked on Second next Button...
[WARN ] 2024-11-08 19:18:05.993 [main] StepDef - Test passed: Login feature :Page title matched.
[INFO ] 2024-11-08 19:18:16.181 [main] StepDef - Browser closed
[INFO ] 2024-11-08 19:25:31.426 [main] StepDef - Setup1 executed...
[INFO ] 2024-11-08 19:25:31.467 [main] StepDef - Chrome browser launched...
[INFO ] 2024-11-08 19:25:36.145 [main] StepDef - url opened...
[INFO ] 2024-11-08 19:25:36.328 [main] StepDef - Clicked on login button...
[INFO ] 2024-11-08 19:25:38.522 [main] StepDef - Entered Email Id...
[INFO ] 2024-11-08 19:25:38.698 [main] StepDef - Clicked on First next Button...
[INFO ] 2024-11-08 19:25:40.959 [main] StepDef - Entered Password...
[INFO ] 2024-11-08 19:25:41.063 [main] StepDef - Clicked on Second next Button...
[INFO ] 2024-11-08 19:27:42.700 [main] StepDef - Setup1 executed...
[INFO ] 2024-11-08 19:27:42.733 [main] StepDef - Chrome browser launched...
[INFO ] 2024-11-08 19:27:45.229 [main] StepDef - url opened...
[INFO ] 2024-11-08 19:27:45.415 [main] StepDef - Clicked on login button...
[INFO ] 2024-11-08 19:27:47.621 [main] StepDef - Entered Email Id...
[INFO ] 2024-11-08 19:27:47.794 [main] StepDef - Clicked on First next Button...
[INFO ] 2024-11-08 19:27:49.927 [main] StepDef - Entered Password...
[INFO ] 2024-11-08 19:27:50.100 [main] StepDef - Clicked on Second next Button...
[WARN ] 2024-11-08 19:28:00.134 [main] StepDef - Test passed: Login feature :Page title matched.
[INFO ] 2024-11-08 19:28:10.309 [main] StepDef - Browser closed
[INFO ] 2024-11-08 20:06:09.100 [main] StepDef - Setup1 executed...
[INFO ] 2024-11-08 20:06:09.134 [main] StepDef - Chrome browser launched...
[INFO ] 2024-11-08 20:06:12.810 [main] StepDef - url opened...
[INFO ] 2024-11-08 20:06:12.985 [main] StepDef - Clicked on login button...
[INFO ] 2024-11-08 20:06:15.212 [main] StepDef - Entered Email Id...
[INFO ] 2024-11-08 20:06:15.394 [main] StepDef - Clicked on First next Button...
[INFO ] 2024-11-08 20:06:17.583 [main] StepDef - Entered Password...
[INFO ] 2024-11-08 20:06:17.690 [main] StepDef - Clicked on Second next Button...
[WARN ] 2024-11-08 20:06:27.743 [main] StepDef - Test passed: Login feature :Page title matched.
[INFO ] 2024-11-08 20:06:37.896 [main] StepDef - Browser closed
